0	1	mikroCdsPIC.exe -MSF -DBG -pP30F4011 -DL -SSA -O11111114 -fo80 -N"C:\Users\nicol\Documents\git_codes\EBB\EBB_DPX.mcpds" -SP"C:\Users\Public\Documents\Mikroelektronika\mikroC PRO for dsPIC\defs\" -SP"C:\Users\Public\Documents\Mikroelektronika\mikroC PRO for dsPIC\uses\" -SP"C:\Users\nicol\Documents\git_codes\EBB\" -SP"D:\Google Drive\REPARTO ELETTRONICA 2018\EBB\FIRMWARE DPX\" "EBB_DPX.c" "__Lib_Math.mcl" "__Lib_MathDouble.mcl" "__Lib_System.mcl" "__Lib_Delays.mcl" "__Lib_CType.mcl" "__Lib_CString.mcl" "__Lib_CStdlib.mcl" "__Lib_CMath.mcl" "__Lib_Setjmp.mcl" "__Lib_MemManager.mcl" "__Lib_Conversions.mcl" "__Lib_Sprintf.mcl" "__Lib_PrintOut.mcl" "__Lib_Sprinti.mcl" "__Lib_Sprintl.mcl" "__Lib_Time.mcl" "__Lib_Trigonometry.mcl" "__Lib_Button.mcl" "__Lib_Keypad4x4.mcl" "__Lib_Manchester.mcl" "__Lib_OneWire.mcl" "__Lib_PS2.mcl" "__Lib_Sound.mcl" "__Lib_SoftI2C.mcl" "__Lib_SoftSPI.mcl" "__Lib_SoftUART.mcl" "__Lib_ADC_1_p24FJ_p30.mcl" "__Lib_EEPROM_p30.mcl" "__Lib_FLASH_p30.mcl" "__Lib_I2C_1_p30.mcl" "__Lib_PWM_1.mcl" "__Lib_PWM_MC_1_p30_p33.mcl" "__Lib_SPI_1.mcl" "__Lib_UART_12_p30.mcl" "__Lib_CAN_1.mcl" "__Lib_PortExpander.mcl" "__Lib_CANSPI.mcl" "__Lib_CF.mcl" "__Lib_CFFat16.mcl" "__Lib_GlcdFonts.mcl" "__Lib_Glcd.mcl" "__Lib_LcdConsts.mcl" "__Lib_Lcd.mcl" "__Lib_Mmc.mcl" "__Lib_MmcFat16.mcl" "__Lib_MmcFat16Constants.mcl" "__Lib_RS485.mcl" "__Lib_S1D13700.mcl" "__Lib_T6963C.mcl" "__Lib_SPIGlcd.mcl" "__Lib_SPILcd.mcl" "__Lib_SPILcd8.mcl" "__Lib_SPIT6963C.mcl" "__Lib_EthEnc28j60.mcl" "__Lib_EthEnc24j600.mcl" "__Lib_TouchPanel.mcl" "__Lib_BitReverseComplex.mcl" "__Lib_FFT.mcl" "__Lib_FirRadix.mcl" "__Lib_IirRadix.mcl" "__Lib_Matrices.mcl" "__Lib_TwiddleFactors.mcl" "__Lib_Q15.mcl" "__Lib_Vectors.mcl"	 
diagnostics: 0	121	Loading...	 
diagnostics: 0	122	Compilation Started	can.h
warning: 52	1505	Suspicious pointer conversion	can.c
warning: 56	1505	Suspicious pointer conversion	can.c
hint: 8	1163	Variable 'currentValue' has been declared, but not used	eeprom.c
hint: 0	1004	interrupt handler (counter_quarter_turn_match at 0x0064)	motor.c
hint: 0	1004	interrupt handler (timer1_interrupt at 0x001A)	EBB_DPX.c
hint: 0	1004	interrupt handler (timer2_interrupt at 0x0020)	EBB_DPX.c
hint: 0	1004	interrupt handler (timer4_interrupt at 0x003E)	EBB_DPX.c
diagnostics: 112	123	Compiled Successfully	EBB_DPX.c
warning: 86	1512	variable 'i' might not have been initialized	can.c
warning: 108	1519	Logical expression is always: 'False'	EBB_DPX.c
hint: 26	1164	Variable 'Can_Init_flags' has been eliminated by optimizer	EBB_DPX.c
hint: 83	1164	Variable 'sent' has been eliminated by optimizer	EBB_DPX.c
diagnostics: 0	127	All files Compiled in 157 ms	 
hint: 0	1144	Used RX (bytes): 32 (100%)   Free RX (bytes): 0 (0%)	Used RX (bytes): 32 (100%)   Free RX (bytes): 0 (0%)
hint: 0	1144	Static RAM (bytes): 35   Dynamic RAM (bytes): 2012	Static RAM (bytes): 35   Dynamic RAM (bytes): 2012
hint: 0	1144	Used ROM (bytes): 4063 (12%)  Free ROM (bytes): 28705 (88%)	Used ROM (bytes): 4063 (12%)  Free ROM (bytes): 28705 (88%)
diagnostics: 0	125	Project Linked Successfully	EBB_DPX.mcpds
diagnostics: 0	128	Linked in 265 ms	 
diagnostics: 0	129	Project 'EBB_DPX.mcpds' completed: 609 ms	 
diagnostics: 0	103	Finished successfully: 19 giu 2018, 22:47:04	EBB_DPX.mcpds
